<?xml version="1.0" encoding="UTF-8"?>
<!-- Generated by org.testng.reporters.JUnitReportReporter -->
<testsuite hostname="DHXLBVJ2" failures="0" tests="1" name="testscripts.Run" time="3.479" errors="0" timestamp="2021-11-04T13:51:35 IST" skipped="0">
  <testcase classname="testscripts.Run" name="loginTest" time="3.479"/>
  <system-out/>
</testsuite> <!-- testscripts.Run -->
